2025-02-21 14:20:34,817 DEBUG    root            Loaded Command Group: ['gcloud', 'components']
2025-02-21 14:20:34,820 DEBUG    root            Loaded Command Group: ['gcloud', 'components', 'update']
2025-02-21 14:20:34,822 DEBUG    root            Running [gcloud.components.update] with arguments: [--compile-python: "True", --quiet: "True", COMPONENT-IDS:6: "['core', 'gcloud-deps', 'bq', 'gcloud', 'gcloud-crc32c', 'gsutil']"]
2025-02-21 14:20:34,824 INFO     ___FILE_ONLY___ Beginning update. This process may take several minutes.

2025-02-21 14:20:35,451 DEBUG    urllib3.connectionpool Starting new HTTPS connection (1): dl.google.com:443
2025-02-21 14:20:35,465 DEBUG    urllib3.connectionpool https://dl.google.com:443 "GET /dl/cloudsdk/channels/rapid/components-2.json HTTP/11" 200 227832
2025-02-21 14:20:35,479 INFO     ___FILE_ONLY___ 

2025-02-21 14:20:35,479 INFO     ___FILE_ONLY___ 
Your current Google Cloud CLI version is: 511.0.0

2025-02-21 14:20:35,480 INFO     ___FILE_ONLY___ Installing components from version: 511.0.0

2025-02-21 14:20:35,480 INFO     ___FILE_ONLY___ 

2025-02-21 14:20:35,480 DEBUG    root            Chosen display Format:table[box,title="These components will be removed."](details.display_name:label=Name:align=left,version.version_string:label=Version:align=right,data.size.size(zero="",min=1048576):label=Size:align=right)
2025-02-21 14:20:35,480 DEBUG    root            Chosen display Format:table[box,title="These components will be updated."](details.display_name:label=Name:align=left,version.version_string:label=Version:align=right,data.size.size(zero="",min=1048576):label=Size:align=right)
2025-02-21 14:20:35,481 DEBUG    root            Chosen display Format:table[box,title="These components will be installed."](details.display_name:label=Name:align=left,version.version_string:label=Version:align=right,data.size.size(zero="",min=1048576):label=Size:align=right)
2025-02-21 14:20:35,516 INFO     ___FILE_ONLY___ ┌─────────────────────────────────────────────────────────────────────────────┐
2025-02-21 14:20:35,516 INFO     ___FILE_ONLY___ 

2025-02-21 14:20:35,516 INFO     ___FILE_ONLY___ │                     These components will be installed.                     │
2025-02-21 14:20:35,516 INFO     ___FILE_ONLY___ 

2025-02-21 14:20:35,516 INFO     ___FILE_ONLY___ ├─────────────────────────────────────────────────────┬────────────┬──────────┤
2025-02-21 14:20:35,516 INFO     ___FILE_ONLY___ 

2025-02-21 14:20:35,516 INFO     ___FILE_ONLY___ │                         Name                        │  Version   │   Size   │
2025-02-21 14:20:35,516 INFO     ___FILE_ONLY___ 

2025-02-21 14:20:35,517 INFO     ___FILE_ONLY___ ├─────────────────────────────────────────────────────┼────────────┼──────────┤
2025-02-21 14:20:35,517 INFO     ___FILE_ONLY___ 

2025-02-21 14:20:35,517 INFO     ___FILE_ONLY___ │ 
2025-02-21 14:20:35,517 INFO     ___FILE_ONLY___ BigQuery Command Line Tool                         
2025-02-21 14:20:35,517 INFO     ___FILE_ONLY___  
2025-02-21 14:20:35,517 INFO     ___FILE_ONLY___ │ 
2025-02-21 14:20:35,517 INFO     ___FILE_ONLY___     2.1.13
2025-02-21 14:20:35,517 INFO     ___FILE_ONLY___  
2025-02-21 14:20:35,517 INFO     ___FILE_ONLY___ │ 
2025-02-21 14:20:35,517 INFO     ___FILE_ONLY___  1.8 MiB
2025-02-21 14:20:35,517 INFO     ___FILE_ONLY___  
2025-02-21 14:20:35,517 INFO     ___FILE_ONLY___ │
2025-02-21 14:20:35,517 INFO     ___FILE_ONLY___ 

2025-02-21 14:20:35,517 INFO     ___FILE_ONLY___ │ 
2025-02-21 14:20:35,518 INFO     ___FILE_ONLY___ BigQuery Command Line Tool (Platform Specific)     
2025-02-21 14:20:35,518 INFO     ___FILE_ONLY___  
2025-02-21 14:20:35,518 INFO     ___FILE_ONLY___ │ 
2025-02-21 14:20:35,518 INFO     ___FILE_ONLY___      2.1.8
2025-02-21 14:20:35,518 INFO     ___FILE_ONLY___  
2025-02-21 14:20:35,518 INFO     ___FILE_ONLY___ │ 
2025-02-21 14:20:35,518 INFO     ___FILE_ONLY___  < 1 MiB
2025-02-21 14:20:35,518 INFO     ___FILE_ONLY___  
2025-02-21 14:20:35,518 INFO     ___FILE_ONLY___ │
2025-02-21 14:20:35,518 INFO     ___FILE_ONLY___ 

2025-02-21 14:20:35,518 INFO     ___FILE_ONLY___ │ 
2025-02-21 14:20:35,518 INFO     ___FILE_ONLY___ Bundled Python 3.12 (Platform Specific)            
2025-02-21 14:20:35,518 INFO     ___FILE_ONLY___  
2025-02-21 14:20:35,518 INFO     ___FILE_ONLY___ │ 
2025-02-21 14:20:35,519 INFO     ___FILE_ONLY___     3.12.8
2025-02-21 14:20:35,519 INFO     ___FILE_ONLY___  
2025-02-21 14:20:35,519 INFO     ___FILE_ONLY___ │ 
2025-02-21 14:20:35,519 INFO     ___FILE_ONLY___ 89.2 MiB
2025-02-21 14:20:35,519 INFO     ___FILE_ONLY___  
2025-02-21 14:20:35,519 INFO     ___FILE_ONLY___ │
2025-02-21 14:20:35,519 INFO     ___FILE_ONLY___ 

2025-02-21 14:20:35,519 INFO     ___FILE_ONLY___ │ 
2025-02-21 14:20:35,519 INFO     ___FILE_ONLY___ Cloud Storage Command Line Tool                    
2025-02-21 14:20:35,519 INFO     ___FILE_ONLY___  
2025-02-21 14:20:35,519 INFO     ___FILE_ONLY___ │ 
2025-02-21 14:20:35,519 INFO     ___FILE_ONLY___       5.33
2025-02-21 14:20:35,519 INFO     ___FILE_ONLY___  
2025-02-21 14:20:35,519 INFO     ___FILE_ONLY___ │ 
2025-02-21 14:20:35,520 INFO     ___FILE_ONLY___ 11.8 MiB
2025-02-21 14:20:35,520 INFO     ___FILE_ONLY___  
2025-02-21 14:20:35,520 INFO     ___FILE_ONLY___ │
2025-02-21 14:20:35,520 INFO     ___FILE_ONLY___ 

2025-02-21 14:20:35,520 INFO     ___FILE_ONLY___ │ 
2025-02-21 14:20:35,520 INFO     ___FILE_ONLY___ Cloud Storage Command Line Tool (Platform Specific)
2025-02-21 14:20:35,520 INFO     ___FILE_ONLY___  
2025-02-21 14:20:35,520 INFO     ___FILE_ONLY___ │ 
2025-02-21 14:20:35,520 INFO     ___FILE_ONLY___       5.30
2025-02-21 14:20:35,520 INFO     ___FILE_ONLY___  
2025-02-21 14:20:35,520 INFO     ___FILE_ONLY___ │ 
2025-02-21 14:20:35,520 INFO     ___FILE_ONLY___  < 1 MiB
2025-02-21 14:20:35,520 INFO     ___FILE_ONLY___  
2025-02-21 14:20:35,521 INFO     ___FILE_ONLY___ │
2025-02-21 14:20:35,521 INFO     ___FILE_ONLY___ 

2025-02-21 14:20:35,521 INFO     ___FILE_ONLY___ │ 
2025-02-21 14:20:35,521 INFO     ___FILE_ONLY___ Google Cloud CLI Core Libraries (Platform Specific)
2025-02-21 14:20:35,521 INFO     ___FILE_ONLY___  
2025-02-21 14:20:35,521 INFO     ___FILE_ONLY___ │ 
2025-02-21 14:20:35,521 INFO     ___FILE_ONLY___ 2024.08.30
2025-02-21 14:20:35,521 INFO     ___FILE_ONLY___  
2025-02-21 14:20:35,521 INFO     ___FILE_ONLY___ │ 
2025-02-21 14:20:35,521 INFO     ___FILE_ONLY___  < 1 MiB
2025-02-21 14:20:35,521 INFO     ___FILE_ONLY___  
2025-02-21 14:20:35,521 INFO     ___FILE_ONLY___ │
2025-02-21 14:20:35,521 INFO     ___FILE_ONLY___ 

2025-02-21 14:20:35,521 INFO     ___FILE_ONLY___ │ 
2025-02-21 14:20:35,521 INFO     ___FILE_ONLY___ Google Cloud CRC32C Hash Tool (Platform Specific)  
2025-02-21 14:20:35,522 INFO     ___FILE_ONLY___  
2025-02-21 14:20:35,522 INFO     ___FILE_ONLY___ │ 
2025-02-21 14:20:35,522 INFO     ___FILE_ONLY___      1.0.0
2025-02-21 14:20:35,522 INFO     ___FILE_ONLY___  
2025-02-21 14:20:35,522 INFO     ___FILE_ONLY___ │ 
2025-02-21 14:20:35,522 INFO     ___FILE_ONLY___  1.4 MiB
2025-02-21 14:20:35,522 INFO     ___FILE_ONLY___  
2025-02-21 14:20:35,522 INFO     ___FILE_ONLY___ │
2025-02-21 14:20:35,522 INFO     ___FILE_ONLY___ 

2025-02-21 14:20:35,522 INFO     ___FILE_ONLY___ │ 
2025-02-21 14:20:35,522 INFO     ___FILE_ONLY___ gcloud cli dependencies (Platform Specific)        
2025-02-21 14:20:35,522 INFO     ___FILE_ONLY___  
2025-02-21 14:20:35,522 INFO     ___FILE_ONLY___ │ 
2025-02-21 14:20:35,522 INFO     ___FILE_ONLY___ 2021.04.16
2025-02-21 14:20:35,523 INFO     ___FILE_ONLY___  
2025-02-21 14:20:35,523 INFO     ___FILE_ONLY___ │ 
2025-02-21 14:20:35,523 INFO     ___FILE_ONLY___  < 1 MiB
2025-02-21 14:20:35,523 INFO     ___FILE_ONLY___  
2025-02-21 14:20:35,523 INFO     ___FILE_ONLY___ │
2025-02-21 14:20:35,523 INFO     ___FILE_ONLY___ 

2025-02-21 14:20:35,523 INFO     ___FILE_ONLY___ └─────────────────────────────────────────────────────┴────────────┴──────────┘
2025-02-21 14:20:35,523 INFO     ___FILE_ONLY___ 

2025-02-21 14:20:35,523 INFO     ___FILE_ONLY___ 

2025-02-21 14:20:35,526 DEBUG    urllib3.connectionpool Starting new HTTPS connection (1): dl.google.com:443
2025-02-21 14:20:35,540 DEBUG    urllib3.connectionpool https://dl.google.com:443 "GET /dl/cloudsdk/channels/rapid/RELEASE_NOTES HTTP/11" 200 1367135
2025-02-21 14:20:35,991 INFO     ___FILE_ONLY___ For the latest full release notes, please visit:
  https://cloud.google.com/sdk/release_notes


2025-02-21 14:20:35,991 INFO     ___FILE_ONLY___ Performing in place update...


2025-02-21 14:20:35,993 INFO     ___FILE_ONLY___ ╔════════════════════════════════════════════════════════════╗

2025-02-21 14:20:35,994 INFO     ___FILE_ONLY___ ╠═ Downloading: BigQuery Command Line Tool                  ═╣

2025-02-21 14:20:35,994 INFO     ___FILE_ONLY___ ╚
2025-02-21 14:20:35,997 DEBUG    urllib3.connectionpool Starting new HTTPS connection (1): dl.google.com:443
2025-02-21 14:20:36,013 DEBUG    urllib3.connectionpool https://dl.google.com:443 "GET /dl/cloudsdk/channels/rapid/components/google-cloud-sdk-bq-20250218185346.tar.gz HTTP/11" 200 1840119
2025-02-21 14:20:36,025 INFO     ___FILE_ONLY___ ═
2025-02-21 14:20:36,025 INFO     ___FILE_ONLY___ ═
2025-02-21 14:20:36,025 INFO     ___FILE_ONLY___ ═
2025-02-21 14:20:36,025 INFO     ___FILE_ONLY___ ═
2025-02-21 14:20:36,025 INFO     ___FILE_ONLY___ ═
2025-02-21 14:20:36,025 INFO     ___FILE_ONLY___ ═
2025-02-21 14:20:36,026 INFO     ___FILE_ONLY___ ═
2025-02-21 14:20:36,026 INFO     ___FILE_ONLY___ ═
2025-02-21 14:20:36,026 INFO     ___FILE_ONLY___ ═
2025-02-21 14:20:36,026 INFO     ___FILE_ONLY___ ═
2025-02-21 14:20:36,026 INFO     ___FILE_ONLY___ ═
2025-02-21 14:20:36,026 INFO     ___FILE_ONLY___ ═
2025-02-21 14:20:36,026 INFO     ___FILE_ONLY___ ═
2025-02-21 14:20:36,026 INFO     ___FILE_ONLY___ ═
2025-02-21 14:20:36,027 INFO     ___FILE_ONLY___ ═
2025-02-21 14:20:36,027 INFO     ___FILE_ONLY___ ═
2025-02-21 14:20:36,027 INFO     ___FILE_ONLY___ ═
2025-02-21 14:20:36,027 INFO     ___FILE_ONLY___ ═
2025-02-21 14:20:36,027 INFO     ___FILE_ONLY___ ═
2025-02-21 14:20:36,027 INFO     ___FILE_ONLY___ ═
2025-02-21 14:20:36,027 INFO     ___FILE_ONLY___ ═
2025-02-21 14:20:36,027 INFO     ___FILE_ONLY___ ═
2025-02-21 14:20:36,028 INFO     ___FILE_ONLY___ ═
2025-02-21 14:20:36,028 INFO     ___FILE_ONLY___ ═
2025-02-21 14:20:36,028 INFO     ___FILE_ONLY___ ═
2025-02-21 14:20:36,028 INFO     ___FILE_ONLY___ ═
2025-02-21 14:20:36,028 INFO     ___FILE_ONLY___ ═
2025-02-21 14:20:36,028 INFO     ___FILE_ONLY___ ═
2025-02-21 14:20:36,028 INFO     ___FILE_ONLY___ ═
2025-02-21 14:20:36,028 INFO     ___FILE_ONLY___ ═
2025-02-21 14:20:36,029 INFO     ___FILE_ONLY___ ═
2025-02-21 14:20:36,029 INFO     ___FILE_ONLY___ ═
2025-02-21 14:20:36,029 INFO     ___FILE_ONLY___ ═
2025-02-21 14:20:36,029 INFO     ___FILE_ONLY___ ═
2025-02-21 14:20:36,029 INFO     ___FILE_ONLY___ ═
2025-02-21 14:20:36,029 INFO     ___FILE_ONLY___ ═
2025-02-21 14:20:36,029 INFO     ___FILE_ONLY___ ═
2025-02-21 14:20:36,029 INFO     ___FILE_ONLY___ ═
2025-02-21 14:20:36,030 INFO     ___FILE_ONLY___ ═
2025-02-21 14:20:36,030 INFO     ___FILE_ONLY___ ═
2025-02-21 14:20:36,030 INFO     ___FILE_ONLY___ ═
2025-02-21 14:20:36,030 INFO     ___FILE_ONLY___ ═
2025-02-21 14:20:36,030 INFO     ___FILE_ONLY___ ═
2025-02-21 14:20:36,030 INFO     ___FILE_ONLY___ ═
2025-02-21 14:20:36,030 INFO     ___FILE_ONLY___ ═
2025-02-21 14:20:36,031 INFO     ___FILE_ONLY___ ═
2025-02-21 14:20:36,031 INFO     ___FILE_ONLY___ ═
2025-02-21 14:20:36,031 INFO     ___FILE_ONLY___ ═
2025-02-21 14:20:36,031 INFO     ___FILE_ONLY___ ═
2025-02-21 14:20:36,031 INFO     ___FILE_ONLY___ ═
2025-02-21 14:20:36,031 INFO     ___FILE_ONLY___ ═
2025-02-21 14:20:36,031 INFO     ___FILE_ONLY___ ═
2025-02-21 14:20:36,031 INFO     ___FILE_ONLY___ ═
2025-02-21 14:20:36,031 INFO     ___FILE_ONLY___ ═
2025-02-21 14:20:36,032 INFO     ___FILE_ONLY___ ═
2025-02-21 14:20:36,032 INFO     ___FILE_ONLY___ ═
2025-02-21 14:20:36,032 INFO     ___FILE_ONLY___ ═
2025-02-21 14:20:36,032 INFO     ___FILE_ONLY___ ═
2025-02-21 14:20:36,032 INFO     ___FILE_ONLY___ ═
2025-02-21 14:20:36,032 INFO     ___FILE_ONLY___ ═
2025-02-21 14:20:36,032 INFO     ___FILE_ONLY___ ╝

2025-02-21 14:20:36,034 INFO     ___FILE_ONLY___ ╔════════════════════════════════════════════════════════════╗

2025-02-21 14:20:36,034 INFO     ___FILE_ONLY___ ╠═ Downloading: BigQuery Command Line Tool (Platform Spe... ═╣

2025-02-21 14:20:36,035 INFO     ___FILE_ONLY___ ╚
2025-02-21 14:20:36,038 DEBUG    urllib3.connectionpool Starting new HTTPS connection (1): dl.google.com:443
2025-02-21 14:20:36,075 DEBUG    urllib3.connectionpool https://dl.google.com:443 "GET /dl/cloudsdk/channels/rapid/components/google-cloud-sdk-bq-nix-20240830134514.tar.gz HTTP/11" 200 1914
2025-02-21 14:20:36,076 INFO     ___FILE_ONLY___ ════════════════════════════════════════════════════════════
2025-02-21 14:20:36,076 INFO     ___FILE_ONLY___ ╝

2025-02-21 14:20:36,078 INFO     ___FILE_ONLY___ ╔════════════════════════════════════════════════════════════╗

2025-02-21 14:20:36,078 INFO     ___FILE_ONLY___ ╠═ Downloading: Bundled Python 3.12                         ═╣

2025-02-21 14:20:36,078 INFO     ___FILE_ONLY___ ╚
2025-02-21 14:20:36,078 INFO     ___FILE_ONLY___ ════════════════════════════════════════════════════════════
2025-02-21 14:20:36,078 INFO     ___FILE_ONLY___ ╝

2025-02-21 14:20:36,080 INFO     ___FILE_ONLY___ ╔════════════════════════════════════════════════════════════╗

2025-02-21 14:20:36,080 INFO     ___FILE_ONLY___ ╠═ Downloading: Bundled Python 3.12 (Platform Specific)     ═╣

2025-02-21 14:20:36,080 INFO     ___FILE_ONLY___ ╚
2025-02-21 14:20:36,083 DEBUG    urllib3.connectionpool Starting new HTTPS connection (1): dl.google.com:443
2025-02-21 14:20:36,094 DEBUG    urllib3.connectionpool https://dl.google.com:443 "GET /dl/cloudsdk/channels/rapid/components/google-cloud-sdk-bundled-python3-unix-linux-x86_64-20250131143518.tar.gz HTTP/11" 200 93520256
2025-02-21 14:20:36,413 INFO     ___FILE_ONLY___ ═
2025-02-21 14:20:36,415 INFO     ___FILE_ONLY___ ═
2025-02-21 14:20:36,416 INFO     ___FILE_ONLY___ ═
2025-02-21 14:20:36,418 INFO     ___FILE_ONLY___ ═
2025-02-21 14:20:36,420 INFO     ___FILE_ONLY___ ═
2025-02-21 14:20:36,421 INFO     ___FILE_ONLY___ ═
2025-02-21 14:20:36,423 INFO     ___FILE_ONLY___ ═
2025-02-21 14:20:36,425 INFO     ___FILE_ONLY___ ═
2025-02-21 14:20:36,427 INFO     ___FILE_ONLY___ ═
2025-02-21 14:20:36,428 INFO     ___FILE_ONLY___ ═
2025-02-21 14:20:36,430 INFO     ___FILE_ONLY___ ═
2025-02-21 14:20:36,432 INFO     ___FILE_ONLY___ ═
2025-02-21 14:20:36,433 INFO     ___FILE_ONLY___ ═
2025-02-21 14:20:36,435 INFO     ___FILE_ONLY___ ═
2025-02-21 14:20:36,437 INFO     ___FILE_ONLY___ ═
2025-02-21 14:20:36,439 INFO     ___FILE_ONLY___ ═
2025-02-21 14:20:36,440 INFO     ___FILE_ONLY___ ═
2025-02-21 14:20:36,442 INFO     ___FILE_ONLY___ ═
2025-02-21 14:20:36,444 INFO     ___FILE_ONLY___ ═
2025-02-21 14:20:36,446 INFO     ___FILE_ONLY___ ═
2025-02-21 14:20:36,447 INFO     ___FILE_ONLY___ ═
2025-02-21 14:20:36,449 INFO     ___FILE_ONLY___ ═
2025-02-21 14:20:36,451 INFO     ___FILE_ONLY___ ═
2025-02-21 14:20:36,453 INFO     ___FILE_ONLY___ ═
2025-02-21 14:20:36,454 INFO     ___FILE_ONLY___ ═
2025-02-21 14:20:36,456 INFO     ___FILE_ONLY___ ═
2025-02-21 14:20:36,458 INFO     ___FILE_ONLY___ ═
2025-02-21 14:20:36,459 INFO     ___FILE_ONLY___ ═
2025-02-21 14:20:36,461 INFO     ___FILE_ONLY___ ═
2025-02-21 14:20:36,463 INFO     ___FILE_ONLY___ ═
2025-02-21 14:20:36,465 INFO     ___FILE_ONLY___ ═
2025-02-21 14:20:36,466 INFO     ___FILE_ONLY___ ═
2025-02-21 14:20:36,468 INFO     ___FILE_ONLY___ ═
2025-02-21 14:20:36,470 INFO     ___FILE_ONLY___ ═
2025-02-21 14:20:36,472 INFO     ___FILE_ONLY___ ═
2025-02-21 14:20:36,473 INFO     ___FILE_ONLY___ ═
2025-02-21 14:20:36,475 INFO     ___FILE_ONLY___ ═
2025-02-21 14:20:36,477 INFO     ___FILE_ONLY___ ═
2025-02-21 14:20:36,478 INFO     ___FILE_ONLY___ ═
2025-02-21 14:20:36,480 INFO     ___FILE_ONLY___ ═
2025-02-21 14:20:36,482 INFO     ___FILE_ONLY___ ═
2025-02-21 14:20:36,484 INFO     ___FILE_ONLY___ ═
2025-02-21 14:20:36,485 INFO     ___FILE_ONLY___ ═
2025-02-21 14:20:36,487 INFO     ___FILE_ONLY___ ═
2025-02-21 14:20:36,489 INFO     ___FILE_ONLY___ ═
2025-02-21 14:20:36,490 INFO     ___FILE_ONLY___ ═
2025-02-21 14:20:36,492 INFO     ___FILE_ONLY___ ═
2025-02-21 14:20:36,494 INFO     ___FILE_ONLY___ ═
2025-02-21 14:20:36,496 INFO     ___FILE_ONLY___ ═
2025-02-21 14:20:36,497 INFO     ___FILE_ONLY___ ═
2025-02-21 14:20:36,499 INFO     ___FILE_ONLY___ ═
2025-02-21 14:20:36,501 INFO     ___FILE_ONLY___ ═
2025-02-21 14:20:36,503 INFO     ___FILE_ONLY___ ═
2025-02-21 14:20:36,505 INFO     ___FILE_ONLY___ ═
2025-02-21 14:20:36,506 INFO     ___FILE_ONLY___ ═
2025-02-21 14:20:36,508 INFO     ___FILE_ONLY___ ═
2025-02-21 14:20:36,510 INFO     ___FILE_ONLY___ ═
2025-02-21 14:20:36,512 INFO     ___FILE_ONLY___ ═
2025-02-21 14:20:36,513 INFO     ___FILE_ONLY___ ═
2025-02-21 14:20:36,515 INFO     ___FILE_ONLY___ ═
2025-02-21 14:20:36,515 INFO     ___FILE_ONLY___ ╝

2025-02-21 14:20:36,519 INFO     ___FILE_ONLY___ ╔════════════════════════════════════════════════════════════╗

2025-02-21 14:20:36,519 INFO     ___FILE_ONLY___ ╠═ Downloading: Cloud Storage Command Line Tool             ═╣

2025-02-21 14:20:36,519 INFO     ___FILE_ONLY___ ╚
2025-02-21 14:20:36,522 DEBUG    urllib3.connectionpool Starting new HTTPS connection (1): dl.google.com:443
2025-02-21 14:20:36,554 DEBUG    urllib3.connectionpool https://dl.google.com:443 "GET /dl/cloudsdk/channels/rapid/components/google-cloud-sdk-gsutil-20241213184646.tar.gz HTTP/11" 200 12368759
2025-02-21 14:20:36,596 INFO     ___FILE_ONLY___ ═
2025-02-21 14:20:36,596 INFO     ___FILE_ONLY___ ═
2025-02-21 14:20:36,597 INFO     ___FILE_ONLY___ ═
2025-02-21 14:20:36,597 INFO     ___FILE_ONLY___ ═
2025-02-21 14:20:36,597 INFO     ___FILE_ONLY___ ═
2025-02-21 14:20:36,598 INFO     ___FILE_ONLY___ ═
2025-02-21 14:20:36,598 INFO     ___FILE_ONLY___ ═
2025-02-21 14:20:36,598 INFO     ___FILE_ONLY___ ═
2025-02-21 14:20:36,599 INFO     ___FILE_ONLY___ ═
2025-02-21 14:20:36,599 INFO     ___FILE_ONLY___ ═
2025-02-21 14:20:36,599 INFO     ___FILE_ONLY___ ═
2025-02-21 14:20:36,599 INFO     ___FILE_ONLY___ ═
2025-02-21 14:20:36,600 INFO     ___FILE_ONLY___ ═
2025-02-21 14:20:36,600 INFO     ___FILE_ONLY___ ═
2025-02-21 14:20:36,600 INFO     ___FILE_ONLY___ ═
2025-02-21 14:20:36,601 INFO     ___FILE_ONLY___ ═
2025-02-21 14:20:36,601 INFO     ___FILE_ONLY___ ═
2025-02-21 14:20:36,601 INFO     ___FILE_ONLY___ ═
2025-02-21 14:20:36,602 INFO     ___FILE_ONLY___ ═
2025-02-21 14:20:36,602 INFO     ___FILE_ONLY___ ═
2025-02-21 14:20:36,602 INFO     ___FILE_ONLY___ ═
2025-02-21 14:20:36,603 INFO     ___FILE_ONLY___ ═
2025-02-21 14:20:36,603 INFO     ___FILE_ONLY___ ═
2025-02-21 14:20:36,603 INFO     ___FILE_ONLY___ ═
2025-02-21 14:20:36,604 INFO     ___FILE_ONLY___ ═
2025-02-21 14:20:36,604 INFO     ___FILE_ONLY___ ═
2025-02-21 14:20:36,604 INFO     ___FILE_ONLY___ ═
2025-02-21 14:20:36,605 INFO     ___FILE_ONLY___ ═
2025-02-21 14:20:36,605 INFO     ___FILE_ONLY___ ═
2025-02-21 14:20:36,605 INFO     ___FILE_ONLY___ ═
2025-02-21 14:20:36,606 INFO     ___FILE_ONLY___ ═
2025-02-21 14:20:36,606 INFO     ___FILE_ONLY___ ═
2025-02-21 14:20:36,606 INFO     ___FILE_ONLY___ ═
2025-02-21 14:20:36,606 INFO     ___FILE_ONLY___ ═
2025-02-21 14:20:36,607 INFO     ___FILE_ONLY___ ═
2025-02-21 14:20:36,607 INFO     ___FILE_ONLY___ ═
2025-02-21 14:20:36,607 INFO     ___FILE_ONLY___ ═
2025-02-21 14:20:36,608 INFO     ___FILE_ONLY___ ═
2025-02-21 14:20:36,608 INFO     ___FILE_ONLY___ ═
2025-02-21 14:20:36,608 INFO     ___FILE_ONLY___ ═
2025-02-21 14:20:36,609 INFO     ___FILE_ONLY___ ═
2025-02-21 14:20:36,609 INFO     ___FILE_ONLY___ ═
2025-02-21 14:20:36,609 INFO     ___FILE_ONLY___ ═
2025-02-21 14:20:36,610 INFO     ___FILE_ONLY___ ═
2025-02-21 14:20:36,610 INFO     ___FILE_ONLY___ ═
2025-02-21 14:20:36,610 INFO     ___FILE_ONLY___ ═
2025-02-21 14:20:36,611 INFO     ___FILE_ONLY___ ═
2025-02-21 14:20:36,611 INFO     ___FILE_ONLY___ ═
2025-02-21 14:20:36,611 INFO     ___FILE_ONLY___ ═
2025-02-21 14:20:36,612 INFO     ___FILE_ONLY___ ═
2025-02-21 14:20:36,612 INFO     ___FILE_ONLY___ ═
2025-02-21 14:20:36,612 INFO     ___FILE_ONLY___ ═
2025-02-21 14:20:36,612 INFO     ___FILE_ONLY___ ═
2025-02-21 14:20:36,613 INFO     ___FILE_ONLY___ ═
2025-02-21 14:20:36,613 INFO     ___FILE_ONLY___ ═
2025-02-21 14:20:36,613 INFO     ___FILE_ONLY___ ═
2025-02-21 14:20:36,614 INFO     ___FILE_ONLY___ ═
2025-02-21 14:20:36,614 INFO     ___FILE_ONLY___ ═
2025-02-21 14:20:36,614 INFO     ___FILE_ONLY___ ═
2025-02-21 14:20:36,615 INFO     ___FILE_ONLY___ ═
2025-02-21 14:20:36,615 INFO     ___FILE_ONLY___ ╝

2025-02-21 14:20:36,617 INFO     ___FILE_ONLY___ ╔════════════════════════════════════════════════════════════╗

2025-02-21 14:20:36,617 INFO     ___FILE_ONLY___ ╠═ Downloading: Cloud Storage Command Line Tool (Platfor... ═╣

2025-02-21 14:20:36,617 INFO     ___FILE_ONLY___ ╚
2025-02-21 14:20:36,620 DEBUG    urllib3.connectionpool Starting new HTTPS connection (1): dl.google.com:443
2025-02-21 14:20:36,633 DEBUG    urllib3.connectionpool https://dl.google.com:443 "GET /dl/cloudsdk/channels/rapid/components/google-cloud-sdk-gsutil-nix-20240830134514.tar.gz HTTP/11" 200 1928
2025-02-21 14:20:36,634 INFO     ___FILE_ONLY___ ════════════════════════════════════════════════════════════
2025-02-21 14:20:36,634 INFO     ___FILE_ONLY___ ╝

2025-02-21 14:20:36,636 INFO     ___FILE_ONLY___ ╔════════════════════════════════════════════════════════════╗

2025-02-21 14:20:36,636 INFO     ___FILE_ONLY___ ╠═ Downloading: Default set of gcloud commands              ═╣

2025-02-21 14:20:36,636 INFO     ___FILE_ONLY___ ╚
2025-02-21 14:20:36,636 INFO     ___FILE_ONLY___ ════════════════════════════════════════════════════════════
2025-02-21 14:20:36,636 INFO     ___FILE_ONLY___ ╝

2025-02-21 14:20:36,638 INFO     ___FILE_ONLY___ ╔════════════════════════════════════════════════════════════╗

2025-02-21 14:20:36,638 INFO     ___FILE_ONLY___ ╠═ Downloading: Google Cloud CLI Core Libraries (Platfor... ═╣

2025-02-21 14:20:36,638 INFO     ___FILE_ONLY___ ╚
2025-02-21 14:20:36,641 DEBUG    urllib3.connectionpool Starting new HTTPS connection (1): dl.google.com:443
2025-02-21 14:20:36,681 DEBUG    urllib3.connectionpool https://dl.google.com:443 "GET /dl/cloudsdk/channels/rapid/components/google-cloud-sdk-core-nix-20240830134514.tar.gz HTTP/11" 200 2306
2025-02-21 14:20:36,682 INFO     ___FILE_ONLY___ ════════════════════════════════════════════════════════════
2025-02-21 14:20:36,682 INFO     ___FILE_ONLY___ ╝

2025-02-21 14:20:36,684 INFO     ___FILE_ONLY___ ╔════════════════════════════════════════════════════════════╗

2025-02-21 14:20:36,684 INFO     ___FILE_ONLY___ ╠═ Downloading: Google Cloud CRC32C Hash Tool               ═╣

2025-02-21 14:20:36,684 INFO     ___FILE_ONLY___ ╚
2025-02-21 14:20:36,684 INFO     ___FILE_ONLY___ ════════════════════════════════════════════════════════════
2025-02-21 14:20:36,684 INFO     ___FILE_ONLY___ ╝

2025-02-21 14:20:36,686 INFO     ___FILE_ONLY___ ╔════════════════════════════════════════════════════════════╗

2025-02-21 14:20:36,686 INFO     ___FILE_ONLY___ ╠═ Downloading: Google Cloud CRC32C Hash Tool (Platform ... ═╣

2025-02-21 14:20:36,686 INFO     ___FILE_ONLY___ ╚
2025-02-21 14:20:36,689 DEBUG    urllib3.connectionpool Starting new HTTPS connection (1): dl.google.com:443
2025-02-21 14:20:36,703 DEBUG    urllib3.connectionpool https://dl.google.com:443 "GET /dl/cloudsdk/channels/rapid/components/google-cloud-sdk-gcloud-crc32c-linux-x86_64-20250110133808.tar.gz HTTP/11" 200 1478989
2025-02-21 14:20:36,714 INFO     ___FILE_ONLY___ ═
2025-02-21 14:20:36,714 INFO     ___FILE_ONLY___ ═
2025-02-21 14:20:36,714 INFO     ___FILE_ONLY___ ═
2025-02-21 14:20:36,714 INFO     ___FILE_ONLY___ ═
2025-02-21 14:20:36,714 INFO     ___FILE_ONLY___ ═
2025-02-21 14:20:36,714 INFO     ___FILE_ONLY___ ═
2025-02-21 14:20:36,714 INFO     ___FILE_ONLY___ ═
2025-02-21 14:20:36,714 INFO     ___FILE_ONLY___ ═
2025-02-21 14:20:36,715 INFO     ___FILE_ONLY___ ═
2025-02-21 14:20:36,715 INFO     ___FILE_ONLY___ ═
2025-02-21 14:20:36,715 INFO     ___FILE_ONLY___ ═
2025-02-21 14:20:36,715 INFO     ___FILE_ONLY___ ═
2025-02-21 14:20:36,715 INFO     ___FILE_ONLY___ ═
2025-02-21 14:20:36,715 INFO     ___FILE_ONLY___ ═
2025-02-21 14:20:36,715 INFO     ___FILE_ONLY___ ═
2025-02-21 14:20:36,715 INFO     ___FILE_ONLY___ ═
2025-02-21 14:20:36,715 INFO     ___FILE_ONLY___ ═
2025-02-21 14:20:36,716 INFO     ___FILE_ONLY___ ═
2025-02-21 14:20:36,716 INFO     ___FILE_ONLY___ ═
2025-02-21 14:20:36,716 INFO     ___FILE_ONLY___ ═
2025-02-21 14:20:36,716 INFO     ___FILE_ONLY___ ═
2025-02-21 14:20:36,716 INFO     ___FILE_ONLY___ ═
2025-02-21 14:20:36,716 INFO     ___FILE_ONLY___ ═
2025-02-21 14:20:36,716 INFO     ___FILE_ONLY___ ═
2025-02-21 14:20:36,716 INFO     ___FILE_ONLY___ ═
2025-02-21 14:20:36,716 INFO     ___FILE_ONLY___ ═
2025-02-21 14:20:36,717 INFO     ___FILE_ONLY___ ═
2025-02-21 14:20:36,717 INFO     ___FILE_ONLY___ ═
2025-02-21 14:20:36,717 INFO     ___FILE_ONLY___ ═
2025-02-21 14:20:36,717 INFO     ___FILE_ONLY___ ═
2025-02-21 14:20:36,717 INFO     ___FILE_ONLY___ ═
2025-02-21 14:20:36,717 INFO     ___FILE_ONLY___ ═
2025-02-21 14:20:36,717 INFO     ___FILE_ONLY___ ═
2025-02-21 14:20:36,717 INFO     ___FILE_ONLY___ ═
2025-02-21 14:20:36,717 INFO     ___FILE_ONLY___ ═
2025-02-21 14:20:36,718 INFO     ___FILE_ONLY___ ═
2025-02-21 14:20:36,718 INFO     ___FILE_ONLY___ ═
2025-02-21 14:20:36,718 INFO     ___FILE_ONLY___ ═
2025-02-21 14:20:36,718 INFO     ___FILE_ONLY___ ═
2025-02-21 14:20:36,718 INFO     ___FILE_ONLY___ ═
2025-02-21 14:20:36,718 INFO     ___FILE_ONLY___ ═
2025-02-21 14:20:36,718 INFO     ___FILE_ONLY___ ═
2025-02-21 14:20:36,718 INFO     ___FILE_ONLY___ ═
2025-02-21 14:20:36,718 INFO     ___FILE_ONLY___ ═
2025-02-21 14:20:36,719 INFO     ___FILE_ONLY___ ═
2025-02-21 14:20:36,719 INFO     ___FILE_ONLY___ ═
2025-02-21 14:20:36,719 INFO     ___FILE_ONLY___ ═
2025-02-21 14:20:36,719 INFO     ___FILE_ONLY___ ═
2025-02-21 14:20:36,719 INFO     ___FILE_ONLY___ ═
2025-02-21 14:20:36,719 INFO     ___FILE_ONLY___ ═
2025-02-21 14:20:36,719 INFO     ___FILE_ONLY___ ═
2025-02-21 14:20:36,719 INFO     ___FILE_ONLY___ ═
2025-02-21 14:20:36,719 INFO     ___FILE_ONLY___ ═
2025-02-21 14:20:36,720 INFO     ___FILE_ONLY___ ═
2025-02-21 14:20:36,720 INFO     ___FILE_ONLY___ ═
2025-02-21 14:20:36,720 INFO     ___FILE_ONLY___ ═
2025-02-21 14:20:36,720 INFO     ___FILE_ONLY___ ═
2025-02-21 14:20:36,720 INFO     ___FILE_ONLY___ ═
2025-02-21 14:20:36,720 INFO     ___FILE_ONLY___ ═
2025-02-21 14:20:36,720 INFO     ___FILE_ONLY___ ═
2025-02-21 14:20:36,720 INFO     ___FILE_ONLY___ ╝

2025-02-21 14:20:36,722 INFO     ___FILE_ONLY___ ╔════════════════════════════════════════════════════════════╗

2025-02-21 14:20:36,722 INFO     ___FILE_ONLY___ ╠═ Downloading: gcloud cli dependencies (Platform Specific) ═╣

2025-02-21 14:20:36,722 INFO     ___FILE_ONLY___ ╚
2025-02-21 14:20:36,726 DEBUG    urllib3.connectionpool Starting new HTTPS connection (1): dl.google.com:443
2025-02-21 14:20:36,761 DEBUG    urllib3.connectionpool https://dl.google.com:443 "GET /dl/cloudsdk/channels/rapid/components/google-cloud-sdk-gcloud-deps-linux-x86_64-20210416153011.tar.gz HTTP/11" 200 104
2025-02-21 14:20:36,761 INFO     ___FILE_ONLY___ ════════════════════════════════════════════════════════════
2025-02-21 14:20:36,761 INFO     ___FILE_ONLY___ ╝

2025-02-21 14:20:36,763 INFO     ___FILE_ONLY___ ╔════════════════════════════════════════════════════════════╗

2025-02-21 14:20:36,763 INFO     ___FILE_ONLY___ ╠═ Installing: BigQuery Command Line Tool                   ═╣

2025-02-21 14:20:36,763 INFO     ___FILE_ONLY___ ╚
2025-02-21 14:20:36,857 INFO     ___FILE_ONLY___ ═
2025-02-21 14:20:36,860 INFO     ___FILE_ONLY___ ═
2025-02-21 14:20:36,862 INFO     ___FILE_ONLY___ ═
2025-02-21 14:20:36,864 INFO     ___FILE_ONLY___ ═
2025-02-21 14:20:36,867 INFO     ___FILE_ONLY___ ═
2025-02-21 14:20:36,869 INFO     ___FILE_ONLY___ ═
2025-02-21 14:20:36,871 INFO     ___FILE_ONLY___ ═
2025-02-21 14:20:36,873 INFO     ___FILE_ONLY___ ═
2025-02-21 14:20:36,876 INFO     ___FILE_ONLY___ ═
2025-02-21 14:20:36,878 INFO     ___FILE_ONLY___ ═
2025-02-21 14:20:36,880 INFO     ___FILE_ONLY___ ═
2025-02-21 14:20:36,882 INFO     ___FILE_ONLY___ ═
2025-02-21 14:20:36,884 INFO     ___FILE_ONLY___ ═
2025-02-21 14:20:36,886 INFO     ___FILE_ONLY___ ═
2025-02-21 14:20:36,888 INFO     ___FILE_ONLY___ ═
2025-02-21 14:20:36,890 INFO     ___FILE_ONLY___ ═
2025-02-21 14:20:36,892 INFO     ___FILE_ONLY___ ═
2025-02-21 14:20:36,896 INFO     ___FILE_ONLY___ ═
2025-02-21 14:20:36,898 INFO     ___FILE_ONLY___ ═
2025-02-21 14:20:36,900 INFO     ___FILE_ONLY___ ═
2025-02-21 14:20:36,902 INFO     ___FILE_ONLY___ ═
2025-02-21 14:20:36,904 INFO     ___FILE_ONLY___ ═
2025-02-21 14:20:36,906 INFO     ___FILE_ONLY___ ═
2025-02-21 14:20:36,908 INFO     ___FILE_ONLY___ ═
2025-02-21 14:20:36,910 INFO     ___FILE_ONLY___ ═
2025-02-21 14:20:36,912 INFO     ___FILE_ONLY___ ═
2025-02-21 14:20:36,914 INFO     ___FILE_ONLY___ ═
2025-02-21 14:20:36,916 INFO     ___FILE_ONLY___ ═
2025-02-21 14:20:36,920 INFO     ___FILE_ONLY___ ═
2025-02-21 14:20:36,921 INFO     ___FILE_ONLY___ ═
2025-02-21 14:20:36,923 INFO     ___FILE_ONLY___ ═
2025-02-21 14:20:36,926 INFO     ___FILE_ONLY___ ═
2025-02-21 14:20:37,254 INFO     ___FILE_ONLY___ ═
2025-02-21 14:20:37,258 INFO     ___FILE_ONLY___ ═
2025-02-21 14:20:37,267 INFO     ___FILE_ONLY___ ═
2025-02-21 14:20:37,271 INFO     ___FILE_ONLY___ ═
2025-02-21 14:20:37,273 INFO     ___FILE_ONLY___ ═
2025-02-21 14:20:37,275 INFO     ___FILE_ONLY___ ═
2025-02-21 14:20:37,277 INFO     ___FILE_ONLY___ ═
2025-02-21 14:20:37,280 INFO     ___FILE_ONLY___ ═
2025-02-21 14:20:37,282 INFO     ___FILE_ONLY___ ═
2025-02-21 14:20:37,285 INFO     ___FILE_ONLY___ ═
2025-02-21 14:20:37,288 INFO     ___FILE_ONLY___ ═
2025-02-21 14:20:37,290 INFO     ___FILE_ONLY___ ═
2025-02-21 14:20:37,292 INFO     ___FILE_ONLY___ ═
2025-02-21 14:20:37,294 INFO     ___FILE_ONLY___ ═
2025-02-21 14:20:37,296 INFO     ___FILE_ONLY___ ═
2025-02-21 14:20:37,298 INFO     ___FILE_ONLY___ ═
2025-02-21 14:20:37,300 INFO     ___FILE_ONLY___ ═
2025-02-21 14:20:37,302 INFO     ___FILE_ONLY___ ═
2025-02-21 14:20:37,304 INFO     ___FILE_ONLY___ ═
2025-02-21 14:20:37,306 INFO     ___FILE_ONLY___ ═
2025-02-21 14:20:37,307 INFO     ___FILE_ONLY___ ═
2025-02-21 14:20:37,309 INFO     ___FILE_ONLY___ ═
2025-02-21 14:20:37,311 INFO     ___FILE_ONLY___ ═
2025-02-21 14:20:37,313 INFO     ___FILE_ONLY___ ═
2025-02-21 14:20:37,315 INFO     ___FILE_ONLY___ ═
2025-02-21 14:20:37,317 INFO     ___FILE_ONLY___ ═
2025-02-21 14:20:37,319 INFO     ___FILE_ONLY___ ═
2025-02-21 14:20:37,321 INFO     ___FILE_ONLY___ ═
2025-02-21 14:20:37,321 INFO     ___FILE_ONLY___ ╝

2025-02-21 14:20:37,328 INFO     ___FILE_ONLY___ ╔════════════════════════════════════════════════════════════╗

2025-02-21 14:20:37,328 INFO     ___FILE_ONLY___ ╠═ Installing: BigQuery Command Line Tool (Platform Spec... ═╣

2025-02-21 14:20:37,328 INFO     ___FILE_ONLY___ ╚
2025-02-21 14:20:37,329 INFO     ___FILE_ONLY___ ════════════════════════════════════════════════════════════
2025-02-21 14:20:37,329 INFO     ___FILE_ONLY___ ╝

2025-02-21 14:20:37,333 INFO     ___FILE_ONLY___ ╔════════════════════════════════════════════════════════════╗

2025-02-21 14:20:37,333 INFO     ___FILE_ONLY___ ╠═ Installing: Bundled Python 3.12                          ═╣

2025-02-21 14:20:37,333 INFO     ___FILE_ONLY___ ╚
2025-02-21 14:20:37,336 INFO     ___FILE_ONLY___ ════════════════════════════════════════════════════════════
2025-02-21 14:20:37,336 INFO     ___FILE_ONLY___ ╝

2025-02-21 14:20:37,337 INFO     ___FILE_ONLY___ ╔════════════════════════════════════════════════════════════╗

2025-02-21 14:20:37,338 INFO     ___FILE_ONLY___ ╠═ Installing: Bundled Python 3.12 (Platform Specific)      ═╣

2025-02-21 14:20:37,338 INFO     ___FILE_ONLY___ ╚
2025-02-21 14:20:40,454 INFO     ___FILE_ONLY___ ═
2025-02-21 14:20:40,936 INFO     ___FILE_ONLY___ ═
2025-02-21 14:20:40,956 INFO     ___FILE_ONLY___ ═
2025-02-21 14:20:40,990 INFO     ___FILE_ONLY___ ═
2025-02-21 14:20:41,011 INFO     ___FILE_ONLY___ ═
2025-02-21 14:20:41,026 INFO     ___FILE_ONLY___ ═
2025-02-21 14:20:41,055 INFO     ___FILE_ONLY___ ═
2025-02-21 14:20:41,080 INFO     ___FILE_ONLY___ ═
2025-02-21 14:20:41,109 INFO     ___FILE_ONLY___ ═
2025-02-21 14:20:41,136 INFO     ___FILE_ONLY___ ═
2025-02-21 14:20:41,160 INFO     ___FILE_ONLY___ ═
2025-02-21 14:20:41,186 INFO     ___FILE_ONLY___ ═
2025-02-21 14:20:41,327 INFO     ___FILE_ONLY___ ═
2025-02-21 14:20:41,343 INFO     ___FILE_ONLY___ ═
2025-02-21 14:20:41,360 INFO     ___FILE_ONLY___ ═
2025-02-21 14:20:41,375 INFO     ___FILE_ONLY___ ═
2025-02-21 14:20:41,389 INFO     ___FILE_ONLY___ ═
2025-02-21 14:20:41,406 INFO     ___FILE_ONLY___ ═
2025-02-21 14:20:41,423 INFO     ___FILE_ONLY___ ═
2025-02-21 14:20:41,443 INFO     ___FILE_ONLY___ ═
2025-02-21 14:20:41,458 INFO     ___FILE_ONLY___ ═
2025-02-21 14:20:41,552 INFO     ___FILE_ONLY___ ═
2025-02-21 14:20:41,573 INFO     ___FILE_ONLY___ ═
2025-02-21 14:20:42,060 INFO     ___FILE_ONLY___ ═
2025-02-21 14:20:42,076 INFO     ___FILE_ONLY___ ═
2025-02-21 14:20:42,090 INFO     ___FILE_ONLY___ ═
2025-02-21 14:20:42,101 INFO     ___FILE_ONLY___ ═
2025-02-21 14:20:42,113 INFO     ___FILE_ONLY___ ═
2025-02-21 14:20:42,127 INFO     ___FILE_ONLY___ ═
2025-02-21 14:20:42,148 INFO     ___FILE_ONLY___ ═
2025-02-21 14:20:42,167 INFO     ___FILE_ONLY___ ═
2025-02-21 14:20:42,185 INFO     ___FILE_ONLY___ ═
2025-02-21 14:20:42,197 INFO     ___FILE_ONLY___ ═
2025-02-21 14:20:42,208 INFO     ___FILE_ONLY___ ═
2025-02-21 14:20:42,220 INFO     ___FILE_ONLY___ ═
2025-02-21 14:20:42,231 INFO     ___FILE_ONLY___ ═
2025-02-21 14:20:42,243 INFO     ___FILE_ONLY___ ═
2025-02-21 14:20:42,255 INFO     ___FILE_ONLY___ ═
2025-02-21 14:20:42,267 INFO     ___FILE_ONLY___ ═
2025-02-21 14:20:42,278 INFO     ___FILE_ONLY___ ═
2025-02-21 14:20:42,290 INFO     ___FILE_ONLY___ ═
2025-02-21 14:20:42,302 INFO     ___FILE_ONLY___ ═
2025-02-21 14:20:42,314 INFO     ___FILE_ONLY___ ═
2025-02-21 14:20:42,326 INFO     ___FILE_ONLY___ ═
2025-02-21 14:20:42,338 INFO     ___FILE_ONLY___ ═
2025-02-21 14:20:42,350 INFO     ___FILE_ONLY___ ═
2025-02-21 14:20:42,361 INFO     ___FILE_ONLY___ ═
2025-02-21 14:20:42,373 INFO     ___FILE_ONLY___ ═
2025-02-21 14:20:42,385 INFO     ___FILE_ONLY___ ═
2025-02-21 14:20:42,397 INFO     ___FILE_ONLY___ ═
2025-02-21 14:20:42,408 INFO     ___FILE_ONLY___ ═
2025-02-21 14:20:42,420 INFO     ___FILE_ONLY___ ═
2025-02-21 14:20:42,432 INFO     ___FILE_ONLY___ ═
2025-02-21 14:20:42,443 INFO     ___FILE_ONLY___ ═
2025-02-21 14:20:42,455 INFO     ___FILE_ONLY___ ═
2025-02-21 14:20:42,466 INFO     ___FILE_ONLY___ ═
2025-02-21 14:20:42,478 INFO     ___FILE_ONLY___ ═
2025-02-21 14:20:42,490 INFO     ___FILE_ONLY___ ═
2025-02-21 14:20:42,501 INFO     ___FILE_ONLY___ ═
2025-02-21 14:20:42,513 INFO     ___FILE_ONLY___ ═
2025-02-21 14:20:42,513 INFO     ___FILE_ONLY___ ╝

2025-02-21 14:20:42,562 INFO     ___FILE_ONLY___ ╔════════════════════════════════════════════════════════════╗

2025-02-21 14:20:42,562 INFO     ___FILE_ONLY___ ╠═ Installing: Cloud Storage Command Line Tool              ═╣

2025-02-21 14:20:42,562 INFO     ___FILE_ONLY___ ╚
2025-02-21 14:20:43,147 INFO     ___FILE_ONLY___ ═
2025-02-21 14:20:43,163 INFO     ___FILE_ONLY___ ═
2025-02-21 14:20:43,184 INFO     ___FILE_ONLY___ ═
2025-02-21 14:20:43,199 INFO     ___FILE_ONLY___ ═
2025-02-21 14:20:43,215 INFO     ___FILE_ONLY___ ═
2025-02-21 14:20:43,226 INFO     ___FILE_ONLY___ ═
2025-02-21 14:20:43,240 INFO     ___FILE_ONLY___ ═
2025-02-21 14:20:43,251 INFO     ___FILE_ONLY___ ═
2025-02-21 14:20:43,265 INFO     ___FILE_ONLY___ ═
2025-02-21 14:20:43,278 INFO     ___FILE_ONLY___ ═
2025-02-21 14:20:43,290 INFO     ___FILE_ONLY___ ═
2025-02-21 14:20:43,302 INFO     ___FILE_ONLY___ ═
2025-02-21 14:20:43,310 INFO     ___FILE_ONLY___ ═
2025-02-21 14:20:43,320 INFO     ___FILE_ONLY___ ═
2025-02-21 14:20:43,329 INFO     ___FILE_ONLY___ ═
2025-02-21 14:20:43,338 INFO     ___FILE_ONLY___ ═
2025-02-21 14:20:43,349 INFO     ___FILE_ONLY___ ═
2025-02-21 14:20:43,359 INFO     ___FILE_ONLY___ ═
2025-02-21 14:20:43,370 INFO     ___FILE_ONLY___ ═
2025-02-21 14:20:43,380 INFO     ___FILE_ONLY___ ═
2025-02-21 14:20:43,392 INFO     ___FILE_ONLY___ ═
2025-02-21 14:20:43,405 INFO     ___FILE_ONLY___ ═
2025-02-21 14:20:43,420 INFO     ___FILE_ONLY___ ═
2025-02-21 14:20:43,429 INFO     ___FILE_ONLY___ ═
2025-02-21 14:20:43,441 INFO     ___FILE_ONLY___ ═
2025-02-21 14:20:43,455 INFO     ___FILE_ONLY___ ═
2025-02-21 14:20:43,472 INFO     ___FILE_ONLY___ ═
2025-02-21 14:20:43,489 INFO     ___FILE_ONLY___ ═
2025-02-21 14:20:43,505 INFO     ___FILE_ONLY___ ═
2025-02-21 14:20:43,524 INFO     ___FILE_ONLY___ ═
2025-02-21 14:20:43,534 INFO     ___FILE_ONLY___ ═
2025-02-21 14:20:43,545 INFO     ___FILE_ONLY___ ═
2025-02-21 14:20:43,562 INFO     ___FILE_ONLY___ ═
2025-02-21 14:20:43,574 INFO     ___FILE_ONLY___ ═
2025-02-21 14:20:43,584 INFO     ___FILE_ONLY___ ═
2025-02-21 14:20:43,594 INFO     ___FILE_ONLY___ ═
2025-02-21 14:20:43,603 INFO     ___FILE_ONLY___ ═
2025-02-21 14:20:43,613 INFO     ___FILE_ONLY___ ═
2025-02-21 14:20:43,623 INFO     ___FILE_ONLY___ ═
2025-02-21 14:20:43,634 INFO     ___FILE_ONLY___ ═
2025-02-21 14:20:43,643 INFO     ___FILE_ONLY___ ═
2025-02-21 14:20:43,655 INFO     ___FILE_ONLY___ ═
2025-02-21 14:20:43,664 INFO     ___FILE_ONLY___ ═
2025-02-21 14:20:43,677 INFO     ___FILE_ONLY___ ═
2025-02-21 14:20:43,692 INFO     ___FILE_ONLY___ ═
2025-02-21 14:20:43,702 INFO     ___FILE_ONLY___ ═
2025-02-21 14:20:43,710 INFO     ___FILE_ONLY___ ═
2025-02-21 14:20:43,721 INFO     ___FILE_ONLY___ ═
2025-02-21 14:20:43,731 INFO     ___FILE_ONLY___ ═
2025-02-21 14:20:43,743 INFO     ___FILE_ONLY___ ═
2025-02-21 14:20:43,758 INFO     ___FILE_ONLY___ ═
2025-02-21 14:20:43,770 INFO     ___FILE_ONLY___ ═
2025-02-21 14:20:43,784 INFO     ___FILE_ONLY___ ═
2025-02-21 14:20:43,797 INFO     ___FILE_ONLY___ ═
2025-02-21 14:20:43,832 INFO     ___FILE_ONLY___ ═
2025-02-21 14:20:43,841 INFO     ___FILE_ONLY___ ═
2025-02-21 14:20:43,850 INFO     ___FILE_ONLY___ ═
2025-02-21 14:20:43,860 INFO     ___FILE_ONLY___ ═
2025-02-21 14:20:43,870 INFO     ___FILE_ONLY___ ═
2025-02-21 14:20:43,884 INFO     ___FILE_ONLY___ ═
2025-02-21 14:20:43,884 INFO     ___FILE_ONLY___ ╝

2025-02-21 14:20:43,913 INFO     ___FILE_ONLY___ ╔════════════════════════════════════════════════════════════╗

2025-02-21 14:20:43,914 INFO     ___FILE_ONLY___ ╠═ Installing: Cloud Storage Command Line Tool (Platform... ═╣

2025-02-21 14:20:43,914 INFO     ___FILE_ONLY___ ╚
2025-02-21 14:20:43,914 INFO     ___FILE_ONLY___ ════════════════════════════════════════════════════════════
2025-02-21 14:20:43,915 INFO     ___FILE_ONLY___ ╝

2025-02-21 14:20:43,919 INFO     ___FILE_ONLY___ ╔════════════════════════════════════════════════════════════╗

2025-02-21 14:20:43,919 INFO     ___FILE_ONLY___ ╠═ Installing: Default set of gcloud commands               ═╣

2025-02-21 14:20:43,919 INFO     ___FILE_ONLY___ ╚
2025-02-21 14:20:43,921 INFO     ___FILE_ONLY___ ════════════════════════════════════════════════════════════
2025-02-21 14:20:43,921 INFO     ___FILE_ONLY___ ╝

2025-02-21 14:20:43,923 INFO     ___FILE_ONLY___ ╔════════════════════════════════════════════════════════════╗

2025-02-21 14:20:43,923 INFO     ___FILE_ONLY___ ╠═ Installing: Google Cloud CLI Core Libraries (Platform... ═╣

2025-02-21 14:20:43,923 INFO     ___FILE_ONLY___ ╚
2025-02-21 14:20:43,924 INFO     ___FILE_ONLY___ ══════════════════════════════
2025-02-21 14:20:43,924 INFO     ___FILE_ONLY___ ══════════════════════════════
2025-02-21 14:20:43,924 INFO     ___FILE_ONLY___ ╝

2025-02-21 14:20:43,928 INFO     ___FILE_ONLY___ ╔════════════════════════════════════════════════════════════╗

2025-02-21 14:20:43,928 INFO     ___FILE_ONLY___ ╠═ Installing: Google Cloud CRC32C Hash Tool                ═╣

2025-02-21 14:20:43,928 INFO     ___FILE_ONLY___ ╚
2025-02-21 14:20:43,931 INFO     ___FILE_ONLY___ ════════════════════════════════════════════════════════════
2025-02-21 14:20:43,931 INFO     ___FILE_ONLY___ ╝

2025-02-21 14:20:43,932 INFO     ___FILE_ONLY___ ╔════════════════════════════════════════════════════════════╗

2025-02-21 14:20:43,932 INFO     ___FILE_ONLY___ ╠═ Installing: Google Cloud CRC32C Hash Tool (Platform S... ═╣

2025-02-21 14:20:43,932 INFO     ___FILE_ONLY___ ╚
2025-02-21 14:20:43,970 INFO     ___FILE_ONLY___ ══════════════════════════════
2025-02-21 14:20:43,971 INFO     ___FILE_ONLY___ ══════════════════════════════
2025-02-21 14:20:43,971 INFO     ___FILE_ONLY___ ╝

2025-02-21 14:20:43,975 INFO     ___FILE_ONLY___ ╔════════════════════════════════════════════════════════════╗

2025-02-21 14:20:43,976 INFO     ___FILE_ONLY___ ╠═ Installing: gcloud cli dependencies (Platform Specific)  ═╣

2025-02-21 14:20:43,976 INFO     ___FILE_ONLY___ ╚
2025-02-21 14:20:43,976 INFO     ___FILE_ONLY___ ════════════════════════════════════════════════════════════
2025-02-21 14:20:43,976 INFO     ___FILE_ONLY___ ╝

2025-02-21 14:20:43,981 DEBUG    root            Updating notification cache...
2025-02-21 14:20:43,981 INFO     ___FILE_ONLY___ 

2025-02-21 14:20:43,983 INFO     ___FILE_ONLY___ Performing post processing steps...
2025-02-21 14:20:43,983 DEBUG    root            Executing command: ['/tools/google-cloud-sdk/bin/gcloud', 'components', 'post-process']
2025-02-21 14:20:51,825 DEBUG    ___FILE_ONLY___ 
2025-02-21 14:20:51,825 DEBUG    ___FILE_ONLY___ 
2025-02-21 14:20:52,025 INFO     ___FILE_ONLY___ 
Update done!


2025-02-21 14:20:52,027 DEBUG    root            Chosen display Format:none
2025-02-21 14:20:52,028 INFO     root            Display format: "none"
